

Microchip Technology PIC LITE Macro Assembler V1.41 build -162212810 
                                                                                               Fri Nov 03 06:44:01 2017

Microchip Technology Omniscient Code Generator v1.41 (Free mode) build 201701250102
     1                           	processor	16F18313
     2                           	opt	pw 120
     3                           	opt	lm
     4                           	psect	idataCOMMON,global,class=CODE,delta=2
     5                           	psect	cinit,global,class=CODE,merge=1,delta=2
     6                           	psect	bssCOMMON,global,class=COMMON,space=1,delta=1
     7                           	psect	dataCOMMON,global,class=COMMON,space=1,delta=1
     8                           	psect	cstackCOMMON,global,class=COMMON,space=1,delta=1
     9                           	psect	maintext,global,class=CODE,merge=1,split=1,delta=2
    10                           	psect	text1,local,class=CODE,merge=1,delta=2
    11                           	psect	text2,local,class=CODE,merge=1,delta=2
    12                           	psect	intentry,global,class=CODE,delta=2
    13                           	dabs	1,0x7E,2
    14  0000                     
    15                           ; Version 1.41
    16                           ; Generated 25/01/2017 GMT
    17                           ; 
    18                           ; Copyright © 2017, Microchip Technology Inc. and its subsidiaries ("Microchip")
    19                           ; All rights reserved.
    20                           ; 
    21                           ; This software is developed by Microchip Technology Inc. and its subsidiaries ("Microch
      +                          ip").
    22                           ; 
    23                           ; Redistribution and use in source and binary forms, with or without modification, are
    24                           ; permitted provided that the following conditions are met:
    25                           ; 
    26                           ;     1. Redistributions of source code must retain the above copyright notice, this lis
      +                          t of
    27                           ;        conditions and the following disclaimer.
    28                           ; 
    29                           ;     2. Redistributions in binary form must reproduce the above copyright notice, this 
      +                          list
    30                           ;        of conditions and the following disclaimer in the documentation and/or other
    31                           ;        materials provided with the distribution.
    32                           ; 
    33                           ;     3. Microchip's name may not be used to endorse or promote products derived from th
      +                          is
    34                           ;        software without specific prior written permission.
    35                           ; 
    36                           ; THIS SOFTWARE IS PROVIDED BY MICROCHIP "AS IS" AND ANY EXPRESS OR IMPLIED WARRANTIES,
    37                           ; INCLUDING, BUT NOT LIMITED TO, THE IMPLIED WARRANTIES OF MERCHANTABILITY AND FITNESS F
      +                          OR
    38                           ; PURPOSE ARE DISCLAIMED.  IN NO EVENT SHALL MICROCHIP BE LIABLE FOR ANY DIRECT, INDIREC
      +                          T,
    39                           ; INCIDENTAL, SPECIAL, EXEMPLARY, OR CONSEQUENTIAL DAMAGES (INCLUDING BUT NOT LIMITED TO
    40                           ; PROCUREMENT OF SUBSTITUTE GOODS OR SERVICES; LOSS OF USE, DATA OR PROFITS; OR BUSINESS
    41                           ; INTERRUPTION) HOWSOEVER CAUSED AND ON ANY THEORY OF LIABILITY, WHETHER IN CONTRACT, ST
      +                          RICT
    42                           ; LIABILITY, OR TORT (INCLUDING NEGLIGENCE OR OTHERWISE) ARISING IN ANY WAY OUT OF THE U
      +                          SE OF
    43                           ; THIS SOFTWARE, EVEN IF ADVISED OF THE POSSIBILITY OF SUCH DAMAGE.
    44                           ; 
    45                           ; 
    46                           ; Code-generator required, PIC16F18313 Definitions
    47                           ; 
    48                           ; SFR Addresses
    49  0000                     	;# 
    50  0001                     	;# 
    51  0002                     	;# 
    52  0003                     	;# 
    53  0004                     	;# 
    54  0005                     	;# 
    55  0006                     	;# 
    56  0007                     	;# 
    57  0008                     	;# 
    58  0009                     	;# 
    59  000A                     	;# 
    60  000B                     	;# 
    61  000C                     	;# 
    62  0010                     	;# 
    63  0011                     	;# 
    64  0012                     	;# 
    65  0013                     	;# 
    66  0014                     	;# 
    67  0015                     	;# 
    68  0015                     	;# 
    69  0016                     	;# 
    70  0016                     	;# 
    71  0017                     	;# 
    72  0018                     	;# 
    73  0019                     	;# 
    74  0019                     	;# 
    75  001A                     	;# 
    76  001B                     	;# 
    77  001C                     	;# 
    78  001D                     	;# 
    79  001E                     	;# 
    80  001F                     	;# 
    81  008C                     	;# 
    82  0090                     	;# 
    83  0091                     	;# 
    84  0092                     	;# 
    85  0093                     	;# 
    86  0094                     	;# 
    87  0097                     	;# 
    88  009B                     	;# 
    89  009B                     	;# 
    90  009C                     	;# 
    91  009D                     	;# 
    92  009E                     	;# 
    93  009F                     	;# 
    94  010C                     	;# 
    95  0111                     	;# 
    96  0112                     	;# 
    97  0115                     	;# 
    98  0116                     	;# 
    99  0117                     	;# 
   100  0118                     	;# 
   101  0119                     	;# 
   102  018C                     	;# 
   103  0197                     	;# 
   104  0199                     	;# 
   105  0199                     	;# 
   106  0199                     	;# 
   107  019A                     	;# 
   108  019A                     	;# 
   109  019A                     	;# 
   110  019B                     	;# 
   111  019B                     	;# 
   112  019B                     	;# 
   113  019B                     	;# 
   114  019B                     	;# 
   115  019C                     	;# 
   116  019C                     	;# 
   117  019C                     	;# 
   118  019D                     	;# 
   119  019D                     	;# 
   120  019D                     	;# 
   121  019E                     	;# 
   122  019E                     	;# 
   123  019E                     	;# 
   124  019F                     	;# 
   125  019F                     	;# 
   126  019F                     	;# 
   127  019F                     	;# 
   128  019F                     	;# 
   129  020C                     	;# 
   130  0211                     	;# 
   131  0211                     	;# 
   132  0212                     	;# 
   133  0212                     	;# 
   134  0213                     	;# 
   135  0213                     	;# 
   136  0214                     	;# 
   137  0214                     	;# 
   138  0215                     	;# 
   139  0215                     	;# 
   140  0215                     	;# 
   141  0215                     	;# 
   142  0216                     	;# 
   143  0216                     	;# 
   144  0217                     	;# 
   145  0217                     	;# 
   146  028C                     	;# 
   147  0291                     	;# 
   148  0291                     	;# 
   149  0292                     	;# 
   150  0293                     	;# 
   151  0294                     	;# 
   152  0295                     	;# 
   153  0295                     	;# 
   154  0296                     	;# 
   155  0297                     	;# 
   156  0298                     	;# 
   157  030C                     	;# 
   158  038C                     	;# 
   159  0391                     	;# 
   160  0392                     	;# 
   161  0393                     	;# 
   162  039A                     	;# 
   163  039C                     	;# 
   164  039D                     	;# 
   165  039E                     	;# 
   166  039F                     	;# 
   167  0498                     	;# 
   168  0498                     	;# 
   169  0499                     	;# 
   170  049A                     	;# 
   171  049B                     	;# 
   172  049B                     	;# 
   173  049C                     	;# 
   174  049D                     	;# 
   175  049E                     	;# 
   176  049F                     	;# 
   177  0617                     	;# 
   178  0618                     	;# 
   179  0619                     	;# 
   180  0619                     	;# 
   181  061A                     	;# 
   182  061B                     	;# 
   183  061C                     	;# 
   184  061C                     	;# 
   185  0691                     	;# 
   186  0692                     	;# 
   187  0693                     	;# 
   188  0694                     	;# 
   189  0695                     	;# 
   190  0696                     	;# 
   191  0697                     	;# 
   192  0698                     	;# 
   193  0699                     	;# 
   194  0891                     	;# 
   195  0891                     	;# 
   196  0891                     	;# 
   197  0891                     	;# 
   198  0891                     	;# 
   199  0891                     	;# 
   200  0892                     	;# 
   201  0892                     	;# 
   202  0892                     	;# 
   203  0893                     	;# 
   204  0893                     	;# 
   205  0893                     	;# 
   206  0893                     	;# 
   207  0893                     	;# 
   208  0893                     	;# 
   209  0894                     	;# 
   210  0894                     	;# 
   211  0894                     	;# 
   212  0895                     	;# 
   213  0895                     	;# 
   214  0895                     	;# 
   215  0896                     	;# 
   216  0896                     	;# 
   217  0896                     	;# 
   218  089B                     	;# 
   219  0911                     	;# 
   220  0912                     	;# 
   221  0913                     	;# 
   222  0914                     	;# 
   223  0915                     	;# 
   224  0916                     	;# 
   225  0918                     	;# 
   226  0919                     	;# 
   227  091A                     	;# 
   228  091B                     	;# 
   229  091C                     	;# 
   230  091D                     	;# 
   231  091E                     	;# 
   232  091F                     	;# 
   233  0E0F                     	;# 
   234  0E10                     	;# 
   235  0E11                     	;# 
   236  0E12                     	;# 
   237  0E13                     	;# 
   238  0E14                     	;# 
   239  0E15                     	;# 
   240  0E18                     	;# 
   241  0E1A                     	;# 
   242  0E1B                     	;# 
   243  0E1C                     	;# 
   244  0E20                     	;# 
   245  0E21                     	;# 
   246  0E22                     	;# 
   247  0E24                     	;# 
   248  0E25                     	;# 
   249  0E28                     	;# 
   250  0E29                     	;# 
   251  0E2A                     	;# 
   252  0E2B                     	;# 
   253  0E90                     	;# 
   254  0E91                     	;# 
   255  0E92                     	;# 
   256  0E94                     	;# 
   257  0E95                     	;# 
   258  0F0F                     	;# 
   259  0F10                     	;# 
   260  0F11                     	;# 
   261  0F12                     	;# 
   262  0F13                     	;# 
   263  0F14                     	;# 
   264  0F15                     	;# 
   265  0F16                     	;# 
   266  0F17                     	;# 
   267  0F18                     	;# 
   268  0F19                     	;# 
   269  0F1A                     	;# 
   270  0F1B                     	;# 
   271  0F1C                     	;# 
   272  0F1D                     	;# 
   273  0F1E                     	;# 
   274  0F1F                     	;# 
   275  0F20                     	;# 
   276  0F21                     	;# 
   277  0F22                     	;# 
   278  0F23                     	;# 
   279  0FE4                     	;# 
   280  0FE5                     	;# 
   281  0FE6                     	;# 
   282  0FE7                     	;# 
   283  0FE8                     	;# 
   284  0FE9                     	;# 
   285  0FEA                     	;# 
   286  0FEB                     	;# 
   287  0FED                     	;# 
   288  0FEE                     	;# 
   289  0FEF                     	;# 
   290  0000                     	;# 
   291  0001                     	;# 
   292  0002                     	;# 
   293  0003                     	;# 
   294  0004                     	;# 
   295  0005                     	;# 
   296  0006                     	;# 
   297  0007                     	;# 
   298  0008                     	;# 
   299  0009                     	;# 
   300  000A                     	;# 
   301  000B                     	;# 
   302  000C                     	;# 
   303  0010                     	;# 
   304  0011                     	;# 
   305  0012                     	;# 
   306  0013                     	;# 
   307  0014                     	;# 
   308  0015                     	;# 
   309  0015                     	;# 
   310  0016                     	;# 
   311  0016                     	;# 
   312  0017                     	;# 
   313  0018                     	;# 
   314  0019                     	;# 
   315  0019                     	;# 
   316  001A                     	;# 
   317  001B                     	;# 
   318  001C                     	;# 
   319  001D                     	;# 
   320  001E                     	;# 
   321  001F                     	;# 
   322  008C                     	;# 
   323  0090                     	;# 
   324  0091                     	;# 
   325  0092                     	;# 
   326  0093                     	;# 
   327  0094                     	;# 
   328  0097                     	;# 
   329  009B                     	;# 
   330  009B                     	;# 
   331  009C                     	;# 
   332  009D                     	;# 
   333  009E                     	;# 
   334  009F                     	;# 
   335  010C                     	;# 
   336  0111                     	;# 
   337  0112                     	;# 
   338  0115                     	;# 
   339  0116                     	;# 
   340  0117                     	;# 
   341  0118                     	;# 
   342  0119                     	;# 
   343  018C                     	;# 
   344  0197                     	;# 
   345  0199                     	;# 
   346  0199                     	;# 
   347  0199                     	;# 
   348  019A                     	;# 
   349  019A                     	;# 
   350  019A                     	;# 
   351  019B                     	;# 
   352  019B                     	;# 
   353  019B                     	;# 
   354  019B                     	;# 
   355  019B                     	;# 
   356  019C                     	;# 
   357  019C                     	;# 
   358  019C                     	;# 
   359  019D                     	;# 
   360  019D                     	;# 
   361  019D                     	;# 
   362  019E                     	;# 
   363  019E                     	;# 
   364  019E                     	;# 
   365  019F                     	;# 
   366  019F                     	;# 
   367  019F                     	;# 
   368  019F                     	;# 
   369  019F                     	;# 
   370  020C                     	;# 
   371  0211                     	;# 
   372  0211                     	;# 
   373  0212                     	;# 
   374  0212                     	;# 
   375  0213                     	;# 
   376  0213                     	;# 
   377  0214                     	;# 
   378  0214                     	;# 
   379  0215                     	;# 
   380  0215                     	;# 
   381  0215                     	;# 
   382  0215                     	;# 
   383  0216                     	;# 
   384  0216                     	;# 
   385  0217                     	;# 
   386  0217                     	;# 
   387  028C                     	;# 
   388  0291                     	;# 
   389  0291                     	;# 
   390  0292                     	;# 
   391  0293                     	;# 
   392  0294                     	;# 
   393  0295                     	;# 
   394  0295                     	;# 
   395  0296                     	;# 
   396  0297                     	;# 
   397  0298                     	;# 
   398  030C                     	;# 
   399  038C                     	;# 
   400  0391                     	;# 
   401  0392                     	;# 
   402  0393                     	;# 
   403  039A                     	;# 
   404  039C                     	;# 
   405  039D                     	;# 
   406  039E                     	;# 
   407  039F                     	;# 
   408  0498                     	;# 
   409  0498                     	;# 
   410  0499                     	;# 
   411  049A                     	;# 
   412  049B                     	;# 
   413  049B                     	;# 
   414  049C                     	;# 
   415  049D                     	;# 
   416  049E                     	;# 
   417  049F                     	;# 
   418  0617                     	;# 
   419  0618                     	;# 
   420  0619                     	;# 
   421  0619                     	;# 
   422  061A                     	;# 
   423  061B                     	;# 
   424  061C                     	;# 
   425  061C                     	;# 
   426  0691                     	;# 
   427  0692                     	;# 
   428  0693                     	;# 
   429  0694                     	;# 
   430  0695                     	;# 
   431  0696                     	;# 
   432  0697                     	;# 
   433  0698                     	;# 
   434  0699                     	;# 
   435  0891                     	;# 
   436  0891                     	;# 
   437  0891                     	;# 
   438  0891                     	;# 
   439  0891                     	;# 
   440  0891                     	;# 
   441  0892                     	;# 
   442  0892                     	;# 
   443  0892                     	;# 
   444  0893                     	;# 
   445  0893                     	;# 
   446  0893                     	;# 
   447  0893                     	;# 
   448  0893                     	;# 
   449  0893                     	;# 
   450  0894                     	;# 
   451  0894                     	;# 
   452  0894                     	;# 
   453  0895                     	;# 
   454  0895                     	;# 
   455  0895                     	;# 
   456  0896                     	;# 
   457  0896                     	;# 
   458  0896                     	;# 
   459  089B                     	;# 
   460  0911                     	;# 
   461  0912                     	;# 
   462  0913                     	;# 
   463  0914                     	;# 
   464  0915                     	;# 
   465  0916                     	;# 
   466  0918                     	;# 
   467  0919                     	;# 
   468  091A                     	;# 
   469  091B                     	;# 
   470  091C                     	;# 
   471  091D                     	;# 
   472  091E                     	;# 
   473  091F                     	;# 
   474  0E0F                     	;# 
   475  0E10                     	;# 
   476  0E11                     	;# 
   477  0E12                     	;# 
   478  0E13                     	;# 
   479  0E14                     	;# 
   480  0E15                     	;# 
   481  0E18                     	;# 
   482  0E1A                     	;# 
   483  0E1B                     	;# 
   484  0E1C                     	;# 
   485  0E20                     	;# 
   486  0E21                     	;# 
   487  0E22                     	;# 
   488  0E24                     	;# 
   489  0E25                     	;# 
   490  0E28                     	;# 
   491  0E29                     	;# 
   492  0E2A                     	;# 
   493  0E2B                     	;# 
   494  0E90                     	;# 
   495  0E91                     	;# 
   496  0E92                     	;# 
   497  0E94                     	;# 
   498  0E95                     	;# 
   499  0F0F                     	;# 
   500  0F10                     	;# 
   501  0F11                     	;# 
   502  0F12                     	;# 
   503  0F13                     	;# 
   504  0F14                     	;# 
   505  0F15                     	;# 
   506  0F16                     	;# 
   507  0F17                     	;# 
   508  0F18                     	;# 
   509  0F19                     	;# 
   510  0F1A                     	;# 
   511  0F1B                     	;# 
   512  0F1C                     	;# 
   513  0F1D                     	;# 
   514  0F1E                     	;# 
   515  0F1F                     	;# 
   516  0F20                     	;# 
   517  0F21                     	;# 
   518  0F22                     	;# 
   519  0F23                     	;# 
   520  0FE4                     	;# 
   521  0FE5                     	;# 
   522  0FE6                     	;# 
   523  0FE7                     	;# 
   524  0FE8                     	;# 
   525  0FE9                     	;# 
   526  0FEA                     	;# 
   527  0FEB                     	;# 
   528  0FED                     	;# 
   529  0FEE                     	;# 
   530  0FEF                     	;# 
   531                           
   532                           	psect	idataCOMMON
   533  004C                     __pidataCOMMON:	
   534                           
   535                           ;initializer for _MidTick_DivCtr
   536  004C  3401               	retlw	1
   537  000B                     _INTCON	set	11
   538  001F                     _T2CON	set	31
   539  001D                     _TMR2	set	29
   540  001E                     _PR2	set	30
   541  0089                     _TMR2IF	set	137
   542  0091                     _PIE1	set	145
   543  008C                     _TRISA	set	140
   544  010C                     _LATA	set	268
   545  018C                     _ANSELA	set	396
   546  0291                     _CCPR1	set	657
   547  0293                     _CCP1CON	set	659
   548  091F                     _OSCFRQbits	set	2335
   549  0E92                     _RA2PPS	set	3730
   550                           
   551                           ; #config settings
   552  0000                     
   553                           	psect	cinit
   554  001D                     start_initialization:	
   555  001D                     __initialization:	
   556                           
   557                           ; Initialize objects allocated to COMMON
   558  001D  204C               	fcall	__pidataCOMMON	;fetch initializer
   559  001E  00F3               	movwf	__pdataCOMMON& (0+127)
   560                           
   561                           ; Clear objects allocated to COMMON
   562  001F  01F2               	clrf	__pbssCOMMON& (0+127)
   563  0020                     end_of_initialization:	
   564                           ;End of C runtime variable initialization code
   565                           
   566  0020                     __end_of__initialization:	
   567  0020  107E               	bcf	int$flags,0	;clear compiler interrupt flag (level 1)
   568  0021  0020               	movlb	0
   569  0022  2844               	ljmp	_main	;jump to C main() function
   570                           
   571                           	psect	bssCOMMON
   572  0072                     __pbssCOMMON:	
   573  0072                     _MidTick_Task:	
   574  0072                     	ds	1
   575                           
   576                           	psect	dataCOMMON
   577  0073                     __pdataCOMMON:	
   578  0073                     _MidTick_DivCtr:	
   579  0073                     	ds	1
   580                           
   581                           	psect	cstackCOMMON
   582  0070                     __pcstackCOMMON:	
   583  0070                     ?_Chip_Init:	
   584  0070                     ?_MidTick_Step:	
   585                           ; 1 bytes @ 0x0
   586                           
   587  0070                     ?_main:	
   588                           ; 1 bytes @ 0x0
   589                           
   590  0070                     ?_ISR:	
   591                           ; 1 bytes @ 0x0
   592                           
   593  0070                     ??_ISR:	
   594                           ; 1 bytes @ 0x0
   595                           
   596                           
   597                           ; 1 bytes @ 0x0
   598  0070                     	ds	2
   599  0072                     ??_Chip_Init:	
   600  0072                     ??_MidTick_Step:	
   601                           ; 1 bytes @ 0x2
   602                           
   603  0072                     ??_main:	
   604                           ; 1 bytes @ 0x2
   605                           
   606                           
   607                           	psect	maintext
   608  0044                     __pmaintext:	
   609                           ; 1 bytes @ 0x2
   610 ;;
   611 ;;Main: autosize = 0, tempsize = 0, incstack = 0, save=0
   612 ;;
   613 ;; *************** function _main *****************
   614 ;; Defined at:
   615 ;;		line 11 in file "C:\17\D\GitHub\17\PIC\1\16F18qxx VVVF - 02\Main.c"
   616 ;; Parameters:    Size  Location     Type
   617 ;;		None
   618 ;; Auto vars:     Size  Location     Type
   619 ;;		None
   620 ;; Return value:  Size  Location     Type
   621 ;;                  1    wreg      void 
   622 ;; Registers used:
   623 ;;		wreg, status,2, status,0, pclath, cstack
   624 ;; Tracked objects:
   625 ;;		On entry : B1F/0
   626 ;;		On exit  : 0/0
   627 ;;		Unchanged: 0/0
   628 ;; Data sizes:     COMMON   BANK0   BANK1   BANK2
   629 ;;      Params:         0       0       0       0
   630 ;;      Locals:         0       0       0       0
   631 ;;      Temps:          0       0       0       0
   632 ;;      Totals:         0       0       0       0
   633 ;;Total ram usage:        0 bytes
   634 ;; Hardware stack levels required when called:    2
   635 ;; This function calls:
   636 ;;		_Chip_Init
   637 ;;		_MidTick_Step
   638 ;; This function is called by:
   639 ;;		Startup code after reset
   640 ;; This function uses a non-reentrant model
   641 ;;
   642                           
   643                           
   644                           ;psect for function _main
   645  0044                     _main:	
   646                           
   647                           ;Main.c: 15: Chip_Init();
   648                           
   649                           ;incstack = 0
   650                           ; Regs used in _main: [wreg+status,2+status,0+pclath+cstack]
   651  0044  2023               	fcall	_Chip_Init
   652  0045                     l536:	
   653                           ;Main.c: 18: while( 1 )
   654                           
   655                           
   656                           ;Main.c: 19: {
   657                           ;Main.c: 20: if( MidTick_Task )
   658  0045  0872               	movf	_MidTick_Task,w
   659  0046  1903               	btfsc	3,2
   660  0047  2845               	goto	l536
   661                           
   662                           ;Main.c: 21: {
   663                           ;Main.c: 22: MidTick_Task --;
   664  0048  3001               	movlw	1
   665  0049  02F2               	subwf	_MidTick_Task,f
   666                           
   667                           ;Main.c: 23: MidTick_Step();
   668  004A  204D               	fcall	_MidTick_Step
   669  004B  2845               	goto	l536
   670  004C                     __end_of_main:	
   671                           
   672                           	psect	text1
   673  004D                     __ptext1:	
   674 ;; *************** function _MidTick_Step *****************
   675 ;; Defined at:
   676 ;;		line 30 in file "C:\17\D\GitHub\17\PIC\1\16F18qxx VVVF - 02\Main.c"
   677 ;; Parameters:    Size  Location     Type
   678 ;;		None
   679 ;; Auto vars:     Size  Location     Type
   680 ;;		None
   681 ;; Return value:  Size  Location     Type
   682 ;;                  1    wreg      void 
   683 ;; Registers used:
   684 ;;		None
   685 ;; Tracked objects:
   686 ;;		On entry : 0/0
   687 ;;		On exit  : 0/0
   688 ;;		Unchanged: 0/0
   689 ;; Data sizes:     COMMON   BANK0   BANK1   BANK2
   690 ;;      Params:         0       0       0       0
   691 ;;      Locals:         0       0       0       0
   692 ;;      Temps:          0       0       0       0
   693 ;;      Totals:         0       0       0       0
   694 ;;Total ram usage:        0 bytes
   695 ;; Hardware stack levels used:    1
   696 ;; Hardware stack levels required when called:    1
   697 ;; This function calls:
   698 ;;		Nothing
   699 ;; This function is called by:
   700 ;;		_main
   701 ;; This function uses a non-reentrant model
   702 ;;
   703                           
   704                           
   705                           ;psect for function _MidTick_Step
   706  004D                     _MidTick_Step:	
   707                           
   708                           ;incstack = 0
   709                           ; Regs used in _MidTick_Step: []
   710  004D  0008               	return
   711  004E                     __end_of_MidTick_Step:	
   712                           
   713                           	psect	text2
   714  0023                     __ptext2:	
   715 ;; *************** function _Chip_Init *****************
   716 ;; Defined at:
   717 ;;		line 40 in file "C:\17\D\GitHub\17\PIC\1\16F18qxx VVVF - 02\Config.c"
   718 ;; Parameters:    Size  Location     Type
   719 ;;		None
   720 ;; Auto vars:     Size  Location     Type
   721 ;;		None
   722 ;; Return value:  Size  Location     Type
   723 ;;                  1    wreg      void 
   724 ;; Registers used:
   725 ;;		wreg, status,2, status,0
   726 ;; Tracked objects:
   727 ;;		On entry : 0/0
   728 ;;		On exit  : 0/0
   729 ;;		Unchanged: 0/0
   730 ;; Data sizes:     COMMON   BANK0   BANK1   BANK2
   731 ;;      Params:         0       0       0       0
   732 ;;      Locals:         0       0       0       0
   733 ;;      Temps:          0       0       0       0
   734 ;;      Totals:         0       0       0       0
   735 ;;Total ram usage:        0 bytes
   736 ;; Hardware stack levels used:    1
   737 ;; Hardware stack levels required when called:    1
   738 ;; This function calls:
   739 ;;		Nothing
   740 ;; This function is called by:
   741 ;;		_main
   742 ;; This function uses a non-reentrant model
   743 ;;
   744                           
   745                           
   746                           ;psect for function _Chip_Init
   747  0023                     _Chip_Init:	
   748                           
   749                           ;Config.c: 44: OSCFRQbits.HFFRQ = 6;
   750                           
   751                           ;incstack = 0
   752                           ; Regs used in _Chip_Init: [wreg+status,2+status,0]
   753  0023  0032               	movlb	18	; select bank18
   754  0024  081F               	movf	31,w	;volatile
   755  0025  39F0               	andlw	-16
   756  0026  3806               	iorlw	6
   757  0027  009F               	movwf	31	;volatile
   758                           
   759                           ;Config.c: 48: ANSELA = 0b000000;
   760  0028  0023               	movlb	3	; select bank3
   761  0029  018C               	clrf	12	;volatile
   762                           
   763                           ;Config.c: 49: TRISA = 0b000011;
   764  002A  3003               	movlw	3
   765  002B  0021               	movlb	1	; select bank1
   766  002C  008C               	movwf	12	;volatile
   767                           
   768                           ;Config.c: 50: LATA = 0b100000;
   769  002D  3020               	movlw	32
   770  002E  0022               	movlb	2	; select bank2
   771  002F  008C               	movwf	12	;volatile
   772                           
   773                           ;Config.c: 52: RA2PPS = 0x0C;
   774  0030  300C               	movlw	12
   775  0031  003D               	movlb	29	; select bank29
   776  0032  0092               	movwf	18	;volatile
   777                           
   778                           ;Config.c: 56: PR2 = 250 - 1;
   779  0033  30F9               	movlw	249
   780  0034  0020               	movlb	0	; select bank0
   781  0035  009E               	movwf	30	;volatile
   782                           
   783                           ;Config.c: 57: TMR2 = 0;
   784  0036  019D               	clrf	29	;volatile
   785                           
   786                           ;Config.c: 58: T2CON =
   787                           ;Config.c: 59: 0 << 0x0 |
   788                           ;Config.c: 60: 0 << 0x3 |
   789                           ;Config.c: 61: 1 << 0x2
   790                           ;Config.c: 62: ;
   791  0037  3004               	movlw	4
   792  0038  009F               	movwf	31	;volatile
   793                           
   794                           ;Config.c: 64: CCPR1 = 0x00;
   795  0039  0025               	movlb	5	; select bank5
   796  003A  0191               	clrf	17	;volatile
   797  003B  0192               	clrf	18	;volatile
   798                           
   799                           ;Config.c: 66: CCP1CON =
   800                           ;Config.c: 67: 1 << 0x7 |
   801                           ;Config.c: 68: 0x0F << 0x0
   802                           ;Config.c: 69: ;
   803  003C  308F               	movlw	143
   804  003D  0093               	movwf	19	;volatile
   805                           
   806                           ;Config.c: 73: PIE1 =
   807                           ;Config.c: 74: 1 << 0x1
   808                           ;Config.c: 75: ;
   809  003E  3002               	movlw	2
   810  003F  0021               	movlb	1	; select bank1
   811  0040  0091               	movwf	17	;volatile
   812                           
   813                           ;Config.c: 76: INTCON =
   814                           ;Config.c: 77: 1 << 0x6 |
   815                           ;Config.c: 78: 1 << 0x7
   816                           ;Config.c: 79: ;
   817  0041  30C0               	movlw	192
   818  0042  008B               	movwf	11	;volatile
   819  0043  0008               	return
   820  0044                     __end_of_Chip_Init:	
   821                           
   822                           	psect	intentry
   823  0004                     __pintentry:	
   824 ;; *************** function _ISR *****************
   825 ;; Defined at:
   826 ;;		line 35 in file "C:\17\D\GitHub\17\PIC\1\16F18qxx VVVF - 02\Main.c"
   827 ;; Parameters:    Size  Location     Type
   828 ;;		None
   829 ;; Auto vars:     Size  Location     Type
   830 ;;		None
   831 ;; Return value:  Size  Location     Type
   832 ;;                  1    wreg      void 
   833 ;; Registers used:
   834 ;;		wreg, status,2, status,0
   835 ;; Tracked objects:
   836 ;;		On entry : 0/0
   837 ;;		On exit  : 0/0
   838 ;;		Unchanged: 0/0
   839 ;; Data sizes:     COMMON   BANK0   BANK1   BANK2
   840 ;;      Params:         0       0       0       0
   841 ;;      Locals:         0       0       0       0
   842 ;;      Temps:          2       0       0       0
   843 ;;      Totals:         2       0       0       0
   844 ;;Total ram usage:        2 bytes
   845 ;; Hardware stack levels used:    1
   846 ;; This function calls:
   847 ;;		Nothing
   848 ;; This function is called by:
   849 ;;		Interrupt level 1
   850 ;; This function uses a non-reentrant model
   851 ;;
   852                           
   853  0004                     _ISR:	
   854                           
   855                           ;incstack = 0
   856  0004  147E               	bsf	126,0	;set compiler interrupt flag (level 1)
   857                           
   858                           ; Regs used in _ISR: [wreg+status,2+status,0]
   859  0005  3180               	pagesel	$
   860  0006  0020               	movlb	0	; select bank0
   861  0007  087F               	movf	127,w
   862  0008  00F1               	movwf	??_ISR+1
   863                           
   864                           ;Main.c: 37: if( TMR2IF )
   865  0009  1C91               	btfss	17,1	;volatile
   866  000A  2818               	goto	i1l25
   867                           
   868                           ;Main.c: 38: {
   869                           ;Main.c: 39: TMR2IF = 0;
   870  000B  1091               	bcf	17,1	;volatile
   871                           
   872                           ;Main.c: 41: if( -- MidTick_DivCtr == 0 )
   873  000C  3001               	movlw	1
   874  000D  02F3               	subwf	_MidTick_DivCtr,f
   875  000E  1D03               	btfss	3,2
   876  000F  2818               	goto	i1l25
   877                           
   878                           ;Main.c: 42: {
   879                           ;Main.c: 43: MidTick_DivCtr = 64;
   880  0010  3040               	movlw	64
   881  0011  00F0               	movwf	??_ISR
   882  0012  0870               	movf	??_ISR,w
   883  0013  00F3               	movwf	_MidTick_DivCtr
   884                           
   885                           ;Main.c: 44: MidTick_Task ++;
   886  0014  3001               	movlw	1
   887  0015  00F0               	movwf	??_ISR
   888  0016  0870               	movf	??_ISR,w
   889  0017  07F2               	addwf	_MidTick_Task,f
   890  0018                     i1l25:	
   891  0018  0871               	movf	??_ISR+1,w
   892  0019  00FF               	movwf	127
   893  001A  107E               	bcf	126,0	;clear compiler interrupt flag (level 1)
   894  001B  0009               	retfie
   895  001C                     __end_of_ISR:	
   896  007E                     btemp	set	126	;btemp
   897  007E                     int$flags	set	126
   898  007E                     wtemp0	set	126


Data Sizes:
    Strings     0
    Constant    0
    Data        1
    BSS         1
    Persistent  0
    Stack       0

Auto Spaces:
    Space          Size  Autos    Used
    COMMON           14      2       4
    BANK0            80      0       0
    BANK1            80      0       0
    BANK2            80      0       0

Pointer List with Targets:

    None.

Critical Paths under _main in COMMON

    None.

Critical Paths under _ISR in COMMON

    None.

Critical Paths under _main in BANK0

    None.

Critical Paths under _ISR in BANK0

    None.

Critical Paths under _main in BANK1

    None.

Critical Paths under _ISR in BANK1

    None.

Critical Paths under _main in BANK2

    None.

Critical Paths under _ISR in BANK2

    None.

Call Graph Tables:

 ---------------------------------------------------------------------------------
 (Depth) Function   	        Calls       Base Space   Used Autos Params    Refs
 ---------------------------------------------------------------------------------
 (0) _main                                                 0     0      0       0
                          _Chip_Init
                       _MidTick_Step
 ---------------------------------------------------------------------------------
 (1) _MidTick_Step                                         0     0      0       0
 ---------------------------------------------------------------------------------
 (1) _Chip_Init                                            0     0      0       0
 ---------------------------------------------------------------------------------
 Estimated maximum stack depth 1
 ---------------------------------------------------------------------------------
 (Depth) Function   	        Calls       Base Space   Used Autos Params    Refs
 ---------------------------------------------------------------------------------
 (2) _ISR                                                  2     2      0       0
                                              0 COMMON     2     2      0
 ---------------------------------------------------------------------------------
 Estimated maximum stack depth 2
 ---------------------------------------------------------------------------------

 Call Graph Graphs:

 _main (ROOT)
   _Chip_Init
   _MidTick_Step

 _ISR (ROOT)

 Address spaces:
Name               Size   Autos  Total    Cost      Usage
BIGRAM              F0      0       0       0        0.0%
EEDATA             100      0       0       0        0.0%
NULL                 0      0       0       0        0.0%
CODE                 0      0       0       0        0.0%
BITCOMMON            E      0       0       1        0.0%
BITSFR0              0      0       0       1        0.0%
SFR0                 0      0       0       1        0.0%
COMMON               E      2       4       2       28.6%
BITSFR1              0      0       0       2        0.0%
SFR1                 0      0       0       2        0.0%
BITSFR2              0      0       0       3        0.0%
SFR2                 0      0       0       3        0.0%
STACK                0      0       0       3        0.0%
BITSFR3              0      0       0       4        0.0%
SFR3                 0      0       0       4        0.0%
ABS                  0      0       4       4        0.0%
BITBANK0            50      0       0       5        0.0%
BITSFR4              0      0       0       5        0.0%
SFR4                 0      0       0       5        0.0%
BANK0               50      0       0       6        0.0%
BITSFR5              0      0       0       6        0.0%
SFR5                 0      0       0       6        0.0%
BITBANK1            50      0       0       7        0.0%
BITSFR6              0      0       0       7        0.0%
SFR6                 0      0       0       7        0.0%
BANK1               50      0       0       8        0.0%
BITSFR7              0      0       0       8        0.0%
SFR7                 0      0       0       8        0.0%
BITBANK2            50      0       0       9        0.0%
BITSFR8              0      0       0       9        0.0%
SFR8                 0      0       0       9        0.0%
BANK2               50      0       0      10        0.0%
BITSFR9              0      0       0      10        0.0%
SFR9                 0      0       0      10        0.0%
BITSFR10             0      0       0      11        0.0%
SFR10                0      0       0      11        0.0%
DATA                 0      0       4      11        0.0%
BITSFR11             0      0       0      12        0.0%
SFR11                0      0       0      12        0.0%
BITSFR12             0      0       0      13        0.0%
SFR12                0      0       0      13        0.0%
BITSFR13             0      0       0      14        0.0%
SFR13                0      0       0      14        0.0%
BITSFR14             0      0       0      15        0.0%
SFR14                0      0       0      15        0.0%
BITSFR15             0      0       0      16        0.0%
SFR15                0      0       0      16        0.0%
BITSFR16             0      0       0      17        0.0%
SFR16                0      0       0      17        0.0%
BITSFR17             0      0       0      18        0.0%
SFR17                0      0       0      18        0.0%
BITSFR18             0      0       0      19        0.0%
SFR18                0      0       0      19        0.0%
BITSFR19             0      0       0      20        0.0%
SFR19                0      0       0      20        0.0%
BITSFR20             0      0       0      21        0.0%
SFR20                0      0       0      21        0.0%
BITSFR21             0      0       0      22        0.0%
SFR21                0      0       0      22        0.0%
BITSFR22             0      0       0      23        0.0%
SFR22                0      0       0      23        0.0%
BITSFR23             0      0       0      24        0.0%
SFR23                0      0       0      24        0.0%
BITSFR24             0      0       0      25        0.0%
SFR24                0      0       0      25        0.0%
BITSFR25             0      0       0      26        0.0%
SFR25                0      0       0      26        0.0%
BITSFR26             0      0       0      27        0.0%
SFR26                0      0       0      27        0.0%
BITSFR27             0      0       0      28        0.0%
SFR27                0      0       0      28        0.0%
BITSFR28             0      0       0      29        0.0%
SFR28                0      0       0      29        0.0%
BITSFR29             0      0       0      30        0.0%
SFR29                0      0       0      30        0.0%
BITSFR30             0      0       0      31        0.0%
SFR30                0      0       0      31        0.0%
BITSFR31             0      0       0      32        0.0%
SFR31                0      0       0      32        0.0%


Microchip Technology PIC Macro Assembler V1.41 build -162212810 
Symbol Table                                                                                   Fri Nov 03 06:44:01 2017

            __CFG_CP$OFF 0000                      l536 0045                      _PR2 001E  
           __CFG_CPD$OFF 0000                      _ISR 0004             __CFG_LVP$OFF 0000  
                   ?_ISR 0070                     _LATA 010C                     _PIE1 0091  
                   i1l25 0018                     _TMR2 001D           ??_MidTick_Step 0072  
           __CFG_WRT$OFF 0000                     _main 0044                     btemp 007E  
          __CFG_BOREN$ON 0000            __CFG_BORV$LOW 0000                     start 001C  
          __CFG_CSWEN$ON 0000                    ??_ISR 0070                    ?_main 0070  
                  _CCPR1 0291            __CFG_WDTE$OFF 0000                    _T2CON 001F  
         __CFG_DEBUG$OFF 0000                    _TRISA 008C            __CFG_PWRTE$ON 0000  
         __CFG_FCMEN$OFF 0000                    status 0003                    wtemp0 007E  
         __CFG_MCLRE$OFF 0000          __initialization 001D             __end_of_main 004C  
     __size_of_Chip_Init 0021                   ??_main 0072                   _ANSELA 018C  
                 _RA2PPS 0E92                   _INTCON 000B                   _TMR2IF 0089  
         __CFG_STVREN$ON 0000     __end_of_MidTick_Step 004E             __pdataCOMMON 0073  
      __end_of_Chip_Init 0044  __end_of__initialization 0020           __pcstackCOMMON 0070  
             __pmaintext 0044               __pintentry 0004                  _CCP1CON 0293  
    __CFG_RSTOSC$HFINT32 0000    __size_of_MidTick_Step 0001                  __ptext1 004D  
                __ptext2 0023             __size_of_ISR 0018     end_of_initialization 0020  
           _MidTick_Task 0072             _MidTick_Step 004D         __CFG_FEXTOSC$OFF 0000  
              _Chip_Init 0023            __pidataCOMMON 004C      start_initialization 001D  
            __end_of_ISR 001C               ?_Chip_Init 0070         __CFG_LPBOREN$OFF 0000  
            __pbssCOMMON 0072                ___latbits 0000         __CFG_PPS1WAY$OFF 0000  
            ??_Chip_Init 0072           _MidTick_DivCtr 0073            __size_of_main 0008  
               int$flags 007E                 intlevel1 0000        __CFG_CLKOUTEN$OFF 0000  
             _OSCFRQbits 091F            ?_MidTick_Step 0070  
